  menu.cpp
C:\Users\User\source\repos\Board_Game\menu.cpp(16,109): warning C4244: '引數': 將 'double' 轉換為 'int'，由於類型不同，可能導致資料遺失
C:\Users\User\source\repos\Board_Game\menu.cpp(16,51): warning C4244: '引數': 將 'double' 轉換為 'int'，由於類型不同，可能導致資料遺失
C:\Users\User\source\repos\Board_Game\menu.cpp(17,109): warning C4244: '引數': 將 'double' 轉換為 'int'，由於類型不同，可能導致資料遺失
C:\Users\User\source\repos\Board_Game\menu.cpp(17,51): warning C4244: '引數': 將 'double' 轉換為 'int'，由於類型不同，可能導致資料遺失
C:\Users\User\source\repos\Board_Game\menu.cpp(18,109): warning C4244: '引數': 將 'double' 轉換為 'int'，由於類型不同，可能導致資料遺失
C:\Users\User\source\repos\Board_Game\menu.cpp(18,51): warning C4244: '引數': 將 'double' 轉換為 'int'，由於類型不同，可能導致資料遺失
C:\Users\User\source\repos\Board_Game\menu.cpp(19,109): warning C4244: '引數': 將 'double' 轉換為 'int'，由於類型不同，可能導致資料遺失
C:\Users\User\source\repos\Board_Game\menu.cpp(19,51): warning C4244: '引數': 將 'double' 轉換為 'int'，由於類型不同，可能導致資料遺失
C:\Users\User\source\repos\Board_Game\menu.cpp(20,109): warning C4244: '引數': 將 'double' 轉換為 'int'，由於類型不同，可能導致資料遺失
C:\Users\User\source\repos\Board_Game\menu.cpp(20,51): warning C4244: '引數': 將 'double' 轉換為 'int'，由於類型不同，可能導致資料遺失
C:\Users\User\source\repos\Board_Game\menu.cpp(21,109): warning C4244: '引數': 將 'double' 轉換為 'int'，由於類型不同，可能導致資料遺失
C:\Users\User\source\repos\Board_Game\menu.cpp(21,51): warning C4244: '引數': 將 'double' 轉換為 'int'，由於類型不同，可能導致資料遺失
C:\Users\User\source\repos\Board_Game\menu.cpp(22,109): warning C4244: '引數': 將 'double' 轉換為 'int'，由於類型不同，可能導致資料遺失
C:\Users\User\source\repos\Board_Game\menu.cpp(22,51): warning C4244: '引數': 將 'double' 轉換為 'int'，由於類型不同，可能導致資料遺失
C:\Users\User\source\repos\Board_Game\menu.cpp(23,109): warning C4244: '引數': 將 'double' 轉換為 'int'，由於類型不同，可能導致資料遺失
C:\Users\User\source\repos\Board_Game\menu.cpp(23,51): warning C4244: '引數': 將 'double' 轉換為 'int'，由於類型不同，可能導致資料遺失
C:\Users\User\source\repos\Board_Game\menu.cpp(24,109): warning C4244: '引數': 將 'double' 轉換為 'int'，由於類型不同，可能導致資料遺失
C:\Users\User\source\repos\Board_Game\menu.cpp(24,51): warning C4244: '引數': 將 'double' 轉換為 'int'，由於類型不同，可能導致資料遺失
C:\Users\User\source\repos\Board_Game\menu.cpp(25,109): warning C4244: '引數': 將 'double' 轉換為 'int'，由於類型不同，可能導致資料遺失
C:\Users\User\source\repos\Board_Game\menu.cpp(25,51): warning C4244: '引數': 將 'double' 轉換為 'int'，由於類型不同，可能導致資料遺失
C:\Users\User\source\repos\Board_Game\menu.cpp(202,22): warning C4244: '=': 將 'double' 轉換為 'int'，由於類型不同，可能導致資料遺失
C:\Users\User\source\repos\Board_Game\menu.cpp(203,23): warning C4244: '=': 將 'double' 轉換為 'int'，由於類型不同，可能導致資料遺失
C:\Users\User\source\repos\Board_Game\menu.cpp(206,24): warning C4244: '=': 將 'double' 轉換為 'int'，由於類型不同，可能導致資料遺失
C:\Users\User\source\repos\Board_Game\menu.cpp(207,25): warning C4244: '=': 將 'double' 轉換為 'int'，由於類型不同，可能導致資料遺失
C:\Users\User\source\repos\Board_Game\menu.cpp(210,29): warning C4244: '=': 將 'double' 轉換為 'int'，由於類型不同，可能導致資料遺失
C:\Users\User\source\repos\Board_Game\menu.cpp(211,30): warning C4244: '=': 將 'double' 轉換為 'int'，由於類型不同，可能導致資料遺失
C:\Users\User\source\repos\Board_Game\menu.cpp(214,27): warning C4244: '=': 將 'double' 轉換為 'int'，由於類型不同，可能導致資料遺失
C:\Users\User\source\repos\Board_Game\menu.cpp(215,28): warning C4244: '=': 將 'double' 轉換為 'int'，由於類型不同，可能導致資料遺失
C:\Users\User\source\repos\Board_Game\menu.cpp(218,28): warning C4244: '=': 將 'double' 轉換為 'int'，由於類型不同，可能導致資料遺失
C:\Users\User\source\repos\Board_Game\menu.cpp(219,29): warning C4244: '=': 將 'double' 轉換為 'int'，由於類型不同，可能導致資料遺失
C:\Users\User\source\repos\Board_Game\menu.cpp(222,27): warning C4244: '引數': 將 'double' 轉換為 'int'，由於類型不同，可能導致資料遺失
C:\Users\User\source\repos\Board_Game\menu.cpp(222,16): warning C4244: '引數': 將 'double' 轉換為 'int'，由於類型不同，可能導致資料遺失
C:\Users\User\source\repos\Board_Game\menu.cpp(223,27): warning C4244: '引數': 將 'double' 轉換為 'int'，由於類型不同，可能導致資料遺失
C:\Users\User\source\repos\Board_Game\menu.cpp(223,16): warning C4244: '引數': 將 'double' 轉換為 'int'，由於類型不同，可能導致資料遺失
C:\Users\User\source\repos\Board_Game\menu.cpp(224,26): warning C4244: '引數': 將 'double' 轉換為 'int'，由於類型不同，可能導致資料遺失
C:\Users\User\source\repos\Board_Game\menu.cpp(224,15): warning C4244: '引數': 將 'double' 轉換為 'int'，由於類型不同，可能導致資料遺失
C:\Users\User\source\repos\Board_Game\menu.cpp(225,26): warning C4244: '引數': 將 'double' 轉換為 'int'，由於類型不同，可能導致資料遺失
C:\Users\User\source\repos\Board_Game\menu.cpp(225,15): warning C4244: '引數': 將 'double' 轉換為 'int'，由於類型不同，可能導致資料遺失
C:\Users\User\source\repos\Board_Game\menu.cpp(226,26): warning C4244: '引數': 將 'double' 轉換為 'int'，由於類型不同，可能導致資料遺失
C:\Users\User\source\repos\Board_Game\menu.cpp(226,15): warning C4244: '引數': 將 'double' 轉換為 'int'，由於類型不同，可能導致資料遺失
C:\Users\User\source\repos\Board_Game\menu.cpp(265,31): warning C4244: '引數': 將 'double' 轉換為 'int'，由於類型不同，可能導致資料遺失
C:\Users\User\source\repos\Board_Game\menu.cpp(265,20): warning C4244: '引數': 將 'double' 轉換為 'int'，由於類型不同，可能導致資料遺失
C:\Users\User\source\repos\Board_Game\menu.cpp(266,31): warning C4244: '引數': 將 'double' 轉換為 'int'，由於類型不同，可能導致資料遺失
C:\Users\User\source\repos\Board_Game\menu.cpp(266,20): warning C4244: '引數': 將 'double' 轉換為 'int'，由於類型不同，可能導致資料遺失
C:\Users\User\source\repos\Board_Game\menu.cpp(267,30): warning C4244: '引數': 將 'double' 轉換為 'int'，由於類型不同，可能導致資料遺失
C:\Users\User\source\repos\Board_Game\menu.cpp(267,19): warning C4244: '引數': 將 'double' 轉換為 'int'，由於類型不同，可能導致資料遺失
C:\Users\User\source\repos\Board_Game\menu.cpp(268,54): warning C4244: '引數': 將 'double' 轉換為 'int'，由於類型不同，可能導致資料遺失
C:\Users\User\source\repos\Board_Game\menu.cpp(268,43): warning C4244: '引數': 將 'double' 轉換為 'int'，由於類型不同，可能導致資料遺失
C:\Users\User\source\repos\Board_Game\menu.cpp(269,37): warning C4244: '引數': 將 'double' 轉換為 'int'，由於類型不同，可能導致資料遺失
C:\Users\User\source\repos\Board_Game\menu.cpp(269,26): warning C4244: '引數': 將 'double' 轉換為 'int'，由於類型不同，可能導致資料遺失
C:\Users\User\source\repos\Board_Game\menu.cpp(269,140): warning C4244: '引數': 將 'double' 轉換為 'int'，由於類型不同，可能導致資料遺失
C:\Users\User\source\repos\Board_Game\menu.cpp(269,76): warning C4244: '引數': 將 'double' 轉換為 'int'，由於類型不同，可能導致資料遺失
C:\Users\User\source\repos\Board_Game\menu.cpp(270,30): warning C4244: '引數': 將 'double' 轉換為 'int'，由於類型不同，可能導致資料遺失
C:\Users\User\source\repos\Board_Game\menu.cpp(270,19): warning C4244: '引數': 將 'double' 轉換為 'int'，由於類型不同，可能導致資料遺失
C:\Users\User\source\repos\Board_Game\menu.cpp(279,30): warning C4244: '引數': 將 'double' 轉換為 'int'，由於類型不同，可能導致資料遺失
C:\Users\User\source\repos\Board_Game\menu.cpp(279,19): warning C4244: '引數': 將 'double' 轉換為 'int'，由於類型不同，可能導致資料遺失
C:\Users\User\source\repos\Board_Game\menu.cpp(297,29): warning C4244: '引數': 將 'double' 轉換為 'int'，由於類型不同，可能導致資料遺失
C:\Users\User\source\repos\Board_Game\menu.cpp(297,18): warning C4244: '引數': 將 'double' 轉換為 'int'，由於類型不同，可能導致資料遺失
C:\Users\User\source\repos\Board_Game\menu.cpp(298,53): warning C4244: '引數': 將 'double' 轉換為 'int'，由於類型不同，可能導致資料遺失
C:\Users\User\source\repos\Board_Game\menu.cpp(298,42): warning C4244: '引數': 將 'double' 轉換為 'int'，由於類型不同，可能導致資料遺失
C:\Users\User\source\repos\Board_Game\menu.cpp(299,36): warning C4244: '引數': 將 'double' 轉換為 'int'，由於類型不同，可能導致資料遺失
C:\Users\User\source\repos\Board_Game\menu.cpp(299,25): warning C4244: '引數': 將 'double' 轉換為 'int'，由於類型不同，可能導致資料遺失
C:\Users\User\source\repos\Board_Game\menu.cpp(299,139): warning C4244: '引數': 將 'double' 轉換為 'int'，由於類型不同，可能導致資料遺失
C:\Users\User\source\repos\Board_Game\menu.cpp(299,75): warning C4244: '引數': 將 'double' 轉換為 'int'，由於類型不同，可能導致資料遺失
  正在產生程式碼
  1 of 1510 functions (<0.1%) were compiled, the rest were copied from previous compilation.
    0 functions were new in current compilation
    4 functions had inline decision re-evaluated but remain unchanged
  已完成程式碼產生
  Board_Game.vcxproj -> C:\Users\User\source\repos\Board_Game\x64\Release\Board_Game.exe
